FC              = mpiifort
FC77            = mpiifort
LD              = mpiifort
CC              = mpiicc
AR              = ar
MOD_ESMF        = /dodrio/scratch/projects/2022_200/project_input/rsda/src_code/nu-wrf_ekman_v11.0/baselibs/intel-intelmpi/esmf/mod/modO/Linux.intel.64.intelmpi.default/
LIB_ESMF        = /dodrio/scratch/projects/2022_200/project_input/rsda/src_code/nu-wrf_ekman_v11.0/baselibs/intel-intelmpi/esmf/lib/libO/Linux.intel.64.intelmpi.default/
INC_JPEG2000      = /readonly/dodrio/apps/RHEL8/zen2-ib/software/JasPer/1.900.1-GCCcore-10.3.0/include/
LIB_JPEG2000      = /readonly/dodrio/apps/RHEL8/zen2-ib/software/JasPer/1.900.1-GCCcore-10.3.0/lib/
INC_GRIBAPI     = /dodrio/scratch/projects/2022_200/project_input/rsda/src_code/nu-wrf_ekman_v11.0/baselibs/intel-intelmpi/grib_api//include/
LIB_GRIBAPI     = /dodrio/scratch/projects/2022_200/project_input/rsda/src_code/nu-wrf_ekman_v11.0/baselibs/intel-intelmpi/grib_api//lib/
INC_NETCDF      = /dodrio/scratch/projects/2022_200/project_input/rsda/src_code/nu-wrf_ekman_v11.0/baselibs/intel-intelmpi/netcdf4//include/
LIB_NETCDF      = /dodrio/scratch/projects/2022_200/project_input/rsda/src_code/nu-wrf_ekman_v11.0/baselibs/intel-intelmpi/netcdf4//lib/
INC_HDF4        = /dodrio/scratch/projects/2022_200/project_input/rsda/src_code/nu-wrf_ekman_v11.0/baselibs/intel-intelmpi/hdf4//include/
LIB_HDF4        = /dodrio/scratch/projects/2022_200/project_input/rsda/src_code/nu-wrf_ekman_v11.0/baselibs/intel-intelmpi/hdf4//lib/
INC_HDF5        = /dodrio/scratch/projects/2022_200/project_input/rsda/src_code/nu-wrf_ekman_v11.0/baselibs/intel-intelmpi/hdf5//include/
LIB_HDF5        = /dodrio/scratch/projects/2022_200/project_input/rsda/src_code/nu-wrf_ekman_v11.0/baselibs/intel-intelmpi/hdf5//lib/
INC_HDFEOS      = /dodrio/scratch/projects/2022_200/project_input/rsda/src_code/nu-wrf_ekman_v11.0/baselibs/intel-intelmpi/hdfeos//include/
LIB_HDFEOS      = /dodrio/scratch/projects/2022_200/project_input/rsda/src_code/nu-wrf_ekman_v11.0/baselibs/intel-intelmpi/hdfeos//lib/
LIB_MINPACK     = 
INC_CRTM        = 
LIB_CRTM        = 
INC_PROF_UTIL   = 
LIB_PROF_UTIL   = 
INC_CMEM        = 
LIB_CMEM        = 
LIB_LAPACK      = 
CFLAGS          = -c  -fp-model precise -traceback -DIFC -DLINUX -DLIS_JULES
FFLAGS77        = -c  -O2  -fp-model precise -traceback -nomixed_str_len_arg -names lowercase -convert big_endian -assume byterecl -DSPMD -DHIDE_SHR_MSG -DNO_SHR_VMATH -DIFC -DLINUX -I$(MOD_ESMF) -DUSE_INCLUDE_MPI -I$(INC_GRIBAPI) -I$(INC_NETCDF) -I$(INC_HDFEOS) -I$(INC_HDF4) -I$(INC_HDF5) -DLIS_JULES
FFLAGS          = -c  -O2  -fp-model precise -u -traceback -fpe0 -nomixed_str_len_arg -names lowercase -convert big_endian -assume byterecl -DSPMD -DHIDE_SHR_MSG -DNO_SHR_VMATH -DIFC -DLINUX -I$(MOD_ESMF) -DUSE_INCLUDE_MPI -I$(INC_GRIBAPI) -I$(INC_NETCDF) -I$(INC_HDFEOS) -I$(INC_HDF4) -I$(INC_HDF5) -DLIS_JULES
LDFLAGS         =  -L$(LIB_ESMF) -lesmf -lstdc++ -limf -lrt -lmpi -L$(LIB_GRIBAPI) -lgrib_api_f90 -lgrib_api -L$(LIB_JPEG2000) -ljasper -L$(LIB_NETCDF) -lnetcdff -lnetcdf -L$(LIB_HDFEOS) -lhdfeos -lGctp -L$(LIB_HDF4) -lmfhdf -ldf -ljpeg -lz -L$(LIB_HDF5) -lhdf5_fortran -lhdf5_hl -lhdf5 -lz
LIS_LIB_FLAGS   = -lesmf -lstdc++ -limf -lrt -lgrib_api_f90 -lgrib_api -ljasper -lnetcdff -lnetcdf -lhdfeos -lGctp -lmfhdf -ldf -ljpeg -lz -lhdf5_fortran -lhdf5_hl -lhdf5
LIS_LIB_PATHS   = -L$(LIB_ESMF) -L$(LIB_GRIBAPI) -L$(LIB_JPEG2000) -L$(LIB_NETCDF) -L$(LIB_HDFEOS) -L$(LIB_HDF4) -L$(LIB_HDF5)
LDFLAGS += -lmkl -lsz -ltirpc -qopenmp
